Determining if the pthread_create exist failed with the following output:
Change Dir: /home/jack/Dev/Lab/vision_slam_frontend/CMakeFiles/CMakeTmp

Run Build Command:"/usr/bin/make" "cmTC_110eb/fast"
/usr/bin/make -f CMakeFiles/cmTC_110eb.dir/build.make CMakeFiles/cmTC_110eb.dir/build
make[1]: Entering directory '/home/jack/Dev/Lab/vision_slam_frontend/CMakeFiles/CMakeTmp'
Building C object CMakeFiles/cmTC_110eb.dir/CheckSymbolExists.c.o
/usr/bin/cc     -o CMakeFiles/cmTC_110eb.dir/CheckSymbolExists.c.o   -c /home/jack/Dev/Lab/vision_slam_frontend/CMakeFiles/CMakeTmp/CheckSymbolExists.c
Linking C executable cmTC_110eb
/usr/bin/cmake -E cmake_link_script CMakeFiles/cmTC_110eb.dir/link.txt --verbose=1
/usr/bin/cc       CMakeFiles/cmTC_110eb.dir/CheckSymbolExists.c.o  -o cmTC_110eb -rdynamic 
CMakeFiles/cmTC_110eb.dir/CheckSymbolExists.c.o: In function `main':
CheckSymbolExists.c:(.text+0x16): undefined reference to `pthread_create'
collect2: error: ld returned 1 exit status
CMakeFiles/cmTC_110eb.dir/build.make:97: recipe for target 'cmTC_110eb' failed
make[1]: *** [cmTC_110eb] Error 1
make[1]: Leaving directory '/home/jack/Dev/Lab/vision_slam_frontend/CMakeFiles/CMakeTmp'
Makefile:126: recipe for target 'cmTC_110eb/fast' failed
make: *** [cmTC_110eb/fast] Error 2

File /home/jack/Dev/Lab/vision_slam_frontend/CMakeFiles/CMakeTmp/CheckSymbolExists.c:
/* */
#include <pthread.h>

int main(int argc, char** argv)
{
  (void)argv;
#ifndef pthread_create
  return ((int*)(&pthread_create))[argc];
#else
  (void)argc;
  return 0;
#endif
}

Determining if the function pthread_create exists in the pthreads failed with the following output:
Change Dir: /home/jack/Dev/Lab/vision_slam_frontend/CMakeFiles/CMakeTmp

Run Build Command:"/usr/bin/make" "cmTC_331f7/fast"
/usr/bin/make -f CMakeFiles/cmTC_331f7.dir/build.make CMakeFiles/cmTC_331f7.dir/build
make[1]: Entering directory '/home/jack/Dev/Lab/vision_slam_frontend/CMakeFiles/CMakeTmp'
Building C object CMakeFiles/cmTC_331f7.dir/CheckFunctionExists.c.o
/usr/bin/cc    -DCHECK_FUNCTION_EXISTS=pthread_create   -o CMakeFiles/cmTC_331f7.dir/CheckFunctionExists.c.o   -c /usr/share/cmake-3.5/Modules/CheckFunctionExists.c
Linking C executable cmTC_331f7
/usr/bin/cmake -E cmake_link_script CMakeFiles/cmTC_331f7.dir/link.txt --verbose=1
/usr/bin/cc   -DCHECK_FUNCTION_EXISTS=pthread_create    CMakeFiles/cmTC_331f7.dir/CheckFunctionExists.c.o  -o cmTC_331f7 -rdynamic -lpthreads 
/usr/bin/ld: cannot find -lpthreads
collect2: error: ld returned 1 exit status
CMakeFiles/cmTC_331f7.dir/build.make:97: recipe for target 'cmTC_331f7' failed
make[1]: *** [cmTC_331f7] Error 1
make[1]: Leaving directory '/home/jack/Dev/Lab/vision_slam_frontend/CMakeFiles/CMakeTmp'
Makefile:126: recipe for target 'cmTC_331f7/fast' failed
make: *** [cmTC_331f7/fast] Error 2


